<?xml version="1.0" encoding="UTF-8"?>
<testsuite name="uTest" tests="1" skipped="0" failures="0" errors="0" timestamp="2021-02-17T02:50:21" hostname="PortatilWilson" time="82.708">
  <properties/>
  <testcase name="Join to Utest" classname="uTest" time="82.708"/>
  <system-out><![CDATA[]]></system-out>
  <system-err><![CDATA[[Test worker] WARN net.thucydides.core.steps.BaseStepListener - stepStarted: net.thucydides.core.steps.ExecutedStepDescription@466c7fd4
[Test worker] WARN net.thucydides.core.steps.BaseStepListener - stepStarted: net.thucydides.core.steps.ExecutedStepDescription@3dbb2b1
[Test worker] WARN net.thucydides.core.steps.BaseStepListener - stepStarted: net.thucydides.core.steps.ExecutedStepDescription@5ad0ef4d
feb 16, 2021 9:50:22 PM org.openqa.selenium.remote.DesiredCapabilities chrome
INFORMACIÓN: Using `new ChromeOptions()` is preferred to `DesiredCapabilities.chrome()`
[Test worker] INFO net.serenitybdd.core.webdriver.driverproviders.ProvideNewDriver - Instantiating driver
[Test worker] INFO net.serenitybdd.core.webdriver.driverproviders.ProvideNewDriver - Driver capabilities: Capabilities {acceptInsecureCerts: false, browserName: chrome, chrome.switches: --start-maximized, goog:chromeOptions: {args: [--start-maximized], extensions: []}, loggingPrefs: org.openqa.selenium.logging..., platform: ANY, version: }
Starting ChromeDriver 88.0.4324.96 (68dba2d8a0b149a1d3afac56fa74648032bcf46b-refs/branch-heads/4324@{#1784}) on port 9872
Only local connections are allowed.
Please see https://chromedriver.chromium.org/security-considerations for suggestions on keeping ChromeDriver safe.
ChromeDriver was started successfully.
feb 16, 2021 9:50:25 PM org.openqa.selenium.remote.ProtocolHandshake createSession
INFORMACIÓN: Detected dialect: W3C
[Test worker] WARN net.thucydides.core.steps.BaseStepListener - stepFinished: current outcome:Join to Utest:Example: {strUserCreated=Complete Setup, strFName=Wilson, strLName=Ramírez, strEmail=pepito@gmail.com, strMBirth=April, strDBirth=2, strYBirth=1994, strLanguage=Spanish, strCity=Bogotá, strZip=110141, strCountry=Colombia, strMobileD=Xiaomi, strModel=Redmi Note 6 Pro, strOSystem=Android 10, strPassword=uTest.Wilson01} [Given than Wilson wants to join uTest [Wilson open up [Wilson opens the Utest page]]]
[Test worker] WARN net.thucydides.core.steps.BaseStepListener - stepFinished: current outcome:Join to Utest:Example: {strUserCreated=Complete Setup, strFName=Wilson, strLName=Ramírez, strEmail=pepito@gmail.com, strMBirth=April, strDBirth=2, strYBirth=1994, strLanguage=Spanish, strCity=Bogotá, strZip=110141, strCountry=Colombia, strMobileD=Xiaomi, strModel=Redmi Note 6 Pro, strOSystem=Android 10, strPassword=uTest.Wilson01} [Given than Wilson wants to join uTest [Wilson open up [Wilson opens the Utest page]]]
[Test worker] WARN net.thucydides.core.steps.BaseStepListener - stepStarted: net.thucydides.core.steps.ExecutedStepDescription@75dbe1a3
[Test worker] WARN net.thucydides.core.steps.BaseStepListener - stepStarted: net.thucydides.core.steps.ExecutedStepDescription@3e451727
[Test worker] WARN net.thucydides.core.steps.BaseStepListener - stepFinished: current outcome:Join to Utest:Example: {strUserCreated=Complete Setup, strFName=Wilson, strLName=Ramírez, strEmail=pepito@gmail.com, strMBirth=April, strDBirth=2, strYBirth=1994, strLanguage=Spanish, strCity=Bogotá, strZip=110141, strCountry=Colombia, strMobileD=Xiaomi, strModel=Redmi Note 6 Pro, strOSystem=Android 10, strPassword=uTest.Wilson01} [Given than Wilson wants to join uTest [Wilson open up [Wilson opens the Utest page], Wilson join today [Wilson clicks on button that shows us the form to join]]]
[Test worker] WARN net.thucydides.core.steps.BaseStepListener - stepFinished: current outcome:Join to Utest:Example: {strUserCreated=Complete Setup, strFName=Wilson, strLName=Ramírez, strEmail=pepito@gmail.com, strMBirth=April, strDBirth=2, strYBirth=1994, strLanguage=Spanish, strCity=Bogotá, strZip=110141, strCountry=Colombia, strMobileD=Xiaomi, strModel=Redmi Note 6 Pro, strOSystem=Android 10, strPassword=uTest.Wilson01} [Given than Wilson wants to join uTest [Wilson open up [Wilson opens the Utest page], Wilson join today [Wilson clicks on button that shows us the form to join]]]
[Test worker] WARN net.thucydides.core.steps.BaseStepListener - stepFinished: current outcome:Join to Utest:Example: {strUserCreated=Complete Setup, strFName=Wilson, strLName=Ramírez, strEmail=pepito@gmail.com, strMBirth=April, strDBirth=2, strYBirth=1994, strLanguage=Spanish, strCity=Bogotá, strZip=110141, strCountry=Colombia, strMobileD=Xiaomi, strModel=Redmi Note 6 Pro, strOSystem=Android 10, strPassword=uTest.Wilson01} [Given than Wilson wants to join uTest [Wilson open up [Wilson opens the Utest page], Wilson join today [Wilson clicks on button that shows us the form to join]]]
[Test worker] WARN net.thucydides.core.steps.BaseStepListener - stepStarted: net.thucydides.core.steps.ExecutedStepDescription@195fd9e1
[Test worker] WARN net.thucydides.core.steps.BaseStepListener - stepStarted: net.thucydides.core.steps.ExecutedStepDescription@2a7e5a11
[Test worker] WARN net.thucydides.core.steps.BaseStepListener - stepStarted: net.thucydides.core.steps.ExecutedStepDescription@5c8a86c9
[Test worker] WARN net.thucydides.core.steps.BaseStepListener - stepFinished: current outcome:Join to Utest:Example: {strUserCreated=Complete Setup, strFName=Wilson, strLName=Ramírez, strEmail=pepito@gmail.com, strMBirth=April, strDBirth=2, strYBirth=1994, strLanguage=Spanish, strCity=Bogotá, strZip=110141, strCountry=Colombia, strMobileD=Xiaomi, strModel=Redmi Note 6 Pro, strOSystem=Android 10, strPassword=uTest.Wilson01} [Given than Wilson wants to join uTest [Wilson open up [Wilson opens the Utest page], Wilson join today [Wilson clicks on button that shows us the form to join]], When he complete the form on the uTest platform
| strFName | strLName | strEmail | strMBirth | strDBirth | strYBirth | strLanguage | strCity | strZip | strCountry | strMobileD | strModel | strOSystem | strPassword |
| Wilson | Ramírez | pepito@gmail.com | April | 2 | 1994 | Spanish | Bogotá | 110141 | Colombia | Xiaomi | Redmi Note 6 Pro | Android 10 | uTest.Wilson01 | [Wilson complete form [Wilson enters 'Wilson' into complete firstname]]]
[Test worker] WARN net.thucydides.core.steps.BaseStepListener - stepStarted: net.thucydides.core.steps.ExecutedStepDescription@57fe6d74
[Test worker] WARN net.thucydides.core.steps.BaseStepListener - stepFinished: current outcome:Join to Utest:Example: {strUserCreated=Complete Setup, strFName=Wilson, strLName=Ramírez, strEmail=pepito@gmail.com, strMBirth=April, strDBirth=2, strYBirth=1994, strLanguage=Spanish, strCity=Bogotá, strZip=110141, strCountry=Colombia, strMobileD=Xiaomi, strModel=Redmi Note 6 Pro, strOSystem=Android 10, strPassword=uTest.Wilson01} [Given than Wilson wants to join uTest [Wilson open up [Wilson opens the Utest page], Wilson join today [Wilson clicks on button that shows us the form to join]], When he complete the form on the uTest platform
| strFName | strLName | strEmail | strMBirth | strDBirth | strYBirth | strLanguage | strCity | strZip | strCountry | strMobileD | strModel | strOSystem | strPassword |
| Wilson | Ramírez | pepito@gmail.com | April | 2 | 1994 | Spanish | Bogotá | 110141 | Colombia | Xiaomi | Redmi Note 6 Pro | Android 10 | uTest.Wilson01 | [Wilson complete form [Wilson enters 'Wilson' into complete firstname, Wilson enters 'Ramírez' into complete lastname]]]
[Test worker] WARN net.thucydides.core.steps.BaseStepListener - stepStarted: net.thucydides.core.steps.ExecutedStepDescription@56ccfd9c
[Test worker] WARN net.thucydides.core.steps.BaseStepListener - stepFinished: current outcome:Join to Utest:Example: {strUserCreated=Complete Setup, strFName=Wilson, strLName=Ramírez, strEmail=pepito@gmail.com, strMBirth=April, strDBirth=2, strYBirth=1994, strLanguage=Spanish, strCity=Bogotá, strZip=110141, strCountry=Colombia, strMobileD=Xiaomi, strModel=Redmi Note 6 Pro, strOSystem=Android 10, strPassword=uTest.Wilson01} [Given than Wilson wants to join uTest [Wilson open up [Wilson opens the Utest page], Wilson join today [Wilson clicks on button that shows us the form to join]], When he complete the form on the uTest platform
| strFName | strLName | strEmail | strMBirth | strDBirth | strYBirth | strLanguage | strCity | strZip | strCountry | strMobileD | strModel | strOSystem | strPassword |
| Wilson | Ramírez | pepito@gmail.com | April | 2 | 1994 | Spanish | Bogotá | 110141 | Colombia | Xiaomi | Redmi Note 6 Pro | Android 10 | uTest.Wilson01 | [Wilson complete form [Wilson enters 'Wilson' into complete firstname, Wilson enters 'Ramírez' into complete lastname, Wilson enters 'pepito@gmail.com' into complete email]]]
[Test worker] WARN net.thucydides.core.steps.BaseStepListener - stepStarted: net.thucydides.core.steps.ExecutedStepDescription@222d0bd7
[Test worker] WARN net.thucydides.core.steps.BaseStepListener - stepFinished: current outcome:Join to Utest:Example: {strUserCreated=Complete Setup, strFName=Wilson, strLName=Ramírez, strEmail=pepito@gmail.com, strMBirth=April, strDBirth=2, strYBirth=1994, strLanguage=Spanish, strCity=Bogotá, strZip=110141, strCountry=Colombia, strMobileD=Xiaomi, strModel=Redmi Note 6 Pro, strOSystem=Android 10, strPassword=uTest.Wilson01} [Given than Wilson wants to join uTest [Wilson open up [Wilson opens the Utest page], Wilson join today [Wilson clicks on button that shows us the form to join]], When he complete the form on the uTest platform
| strFName | strLName | strEmail | strMBirth | strDBirth | strYBirth | strLanguage | strCity | strZip | strCountry | strMobileD | strModel | strOSystem | strPassword |
| Wilson | Ramírez | pepito@gmail.com | April | 2 | 1994 | Spanish | Bogotá | 110141 | Colombia | Xiaomi | Redmi Note 6 Pro | Android 10 | uTest.Wilson01 | [Wilson complete form [Wilson enters 'Wilson' into complete firstname, Wilson enters 'Ramírez' into complete lastname, Wilson enters 'pepito@gmail.com' into complete email, Wilson enters 'April' into complete birthMonth]]]
[Test worker] WARN net.thucydides.core.steps.BaseStepListener - stepStarted: net.thucydides.core.steps.ExecutedStepDescription@5bb63c1
[Test worker] WARN net.thucydides.core.steps.BaseStepListener - stepFinished: current outcome:Join to Utest:Example: {strUserCreated=Complete Setup, strFName=Wilson, strLName=Ramírez, strEmail=pepito@gmail.com, strMBirth=April, strDBirth=2, strYBirth=1994, strLanguage=Spanish, strCity=Bogotá, strZip=110141, strCountry=Colombia, strMobileD=Xiaomi, strModel=Redmi Note 6 Pro, strOSystem=Android 10, strPassword=uTest.Wilson01} [Given than Wilson wants to join uTest [Wilson open up [Wilson opens the Utest page], Wilson join today [Wilson clicks on button that shows us the form to join]], When he complete the form on the uTest platform
| strFName | strLName | strEmail | strMBirth | strDBirth | strYBirth | strLanguage | strCity | strZip | strCountry | strMobileD | strModel | strOSystem | strPassword |
| Wilson | Ramírez | pepito@gmail.com | April | 2 | 1994 | Spanish | Bogotá | 110141 | Colombia | Xiaomi | Redmi Note 6 Pro | Android 10 | uTest.Wilson01 | [Wilson complete form [Wilson enters 'Wilson' into complete firstname, Wilson enters 'Ramírez' into complete lastname, Wilson enters 'pepito@gmail.com' into complete email, Wilson enters 'April' into complete birthMonth, Wilson enters '2' into complete birthDay]]]
[Test worker] WARN net.thucydides.core.steps.BaseStepListener - stepStarted: net.thucydides.core.steps.ExecutedStepDescription@17b0e414
[Test worker] WARN net.thucydides.core.steps.BaseStepListener - stepFinished: current outcome:Join to Utest:Example: {strUserCreated=Complete Setup, strFName=Wilson, strLName=Ramírez, strEmail=pepito@gmail.com, strMBirth=April, strDBirth=2, strYBirth=1994, strLanguage=Spanish, strCity=Bogotá, strZip=110141, strCountry=Colombia, strMobileD=Xiaomi, strModel=Redmi Note 6 Pro, strOSystem=Android 10, strPassword=uTest.Wilson01} [Given than Wilson wants to join uTest [Wilson open up [Wilson opens the Utest page], Wilson join today [Wilson clicks on button that shows us the form to join]], When he complete the form on the uTest platform
| strFName | strLName | strEmail | strMBirth | strDBirth | strYBirth | strLanguage | strCity | strZip | strCountry | strMobileD | strModel | strOSystem | strPassword |
| Wilson | Ramírez | pepito@gmail.com | April | 2 | 1994 | Spanish | Bogotá | 110141 | Colombia | Xiaomi | Redmi Note 6 Pro | Android 10 | uTest.Wilson01 | [Wilson complete form [Wilson enters 'Wilson' into complete firstname, Wilson enters 'Ramírez' into complete lastname, Wilson enters 'pepito@gmail.com' into complete email, Wilson enters 'April' into complete birthMonth, Wilson enters '2' into complete birthDay, Wilson enters '1994' into complete birthYear]]]
[Test worker] WARN net.thucydides.core.steps.BaseStepListener - stepStarted: net.thucydides.core.steps.ExecutedStepDescription@25023448
[Test worker] WARN net.thucydides.core.steps.BaseStepListener - stepFinished: current outcome:Join to Utest:Example: {strUserCreated=Complete Setup, strFName=Wilson, strLName=Ramírez, strEmail=pepito@gmail.com, strMBirth=April, strDBirth=2, strYBirth=1994, strLanguage=Spanish, strCity=Bogotá, strZip=110141, strCountry=Colombia, strMobileD=Xiaomi, strModel=Redmi Note 6 Pro, strOSystem=Android 10, strPassword=uTest.Wilson01} [Given than Wilson wants to join uTest [Wilson open up [Wilson opens the Utest page], Wilson join today [Wilson clicks on button that shows us the form to join]], When he complete the form on the uTest platform
| strFName | strLName | strEmail | strMBirth | strDBirth | strYBirth | strLanguage | strCity | strZip | strCountry | strMobileD | strModel | strOSystem | strPassword |
| Wilson | Ramírez | pepito@gmail.com | April | 2 | 1994 | Spanish | Bogotá | 110141 | Colombia | Xiaomi | Redmi Note 6 Pro | Android 10 | uTest.Wilson01 | [Wilson complete form [Wilson enters 'Wilson' into complete firstname, Wilson enters 'Ramírez' into complete lastname, Wilson enters 'pepito@gmail.com' into complete email, Wilson enters 'April' into complete birthMonth, Wilson enters '2' into complete birthDay, Wilson enters '1994' into complete birthYear, Wilson enters 'Spanish' into complete languages spoken]]]
[Test worker] WARN net.thucydides.core.steps.BaseStepListener - stepStarted: net.thucydides.core.steps.ExecutedStepDescription@791f9009
[Test worker] WARN net.thucydides.core.steps.BaseStepListener - stepFinished: current outcome:Join to Utest:Example: {strUserCreated=Complete Setup, strFName=Wilson, strLName=Ramírez, strEmail=pepito@gmail.com, strMBirth=April, strDBirth=2, strYBirth=1994, strLanguage=Spanish, strCity=Bogotá, strZip=110141, strCountry=Colombia, strMobileD=Xiaomi, strModel=Redmi Note 6 Pro, strOSystem=Android 10, strPassword=uTest.Wilson01} [Given than Wilson wants to join uTest [Wilson open up [Wilson opens the Utest page], Wilson join today [Wilson clicks on button that shows us the form to join]], When he complete the form on the uTest platform
| strFName | strLName | strEmail | strMBirth | strDBirth | strYBirth | strLanguage | strCity | strZip | strCountry | strMobileD | strModel | strOSystem | strPassword |
| Wilson | Ramírez | pepito@gmail.com | April | 2 | 1994 | Spanish | Bogotá | 110141 | Colombia | Xiaomi | Redmi Note 6 Pro | Android 10 | uTest.Wilson01 | [Wilson complete form [Wilson enters 'Wilson' into complete firstname, Wilson enters 'Ramírez' into complete lastname, Wilson enters 'pepito@gmail.com' into complete email, Wilson enters 'April' into complete birthMonth, Wilson enters '2' into complete birthDay, Wilson enters '1994' into complete birthYear, Wilson enters 'Spanish' into complete languages spoken, Wilson clicks on select languages spoken]]]
[Test worker] WARN net.thucydides.core.steps.BaseStepListener - stepStarted: net.thucydides.core.steps.ExecutedStepDescription@3ed3388b
[Test worker] WARN net.thucydides.core.steps.BaseStepListener - stepFinished: current outcome:Join to Utest:Example: {strUserCreated=Complete Setup, strFName=Wilson, strLName=Ramírez, strEmail=pepito@gmail.com, strMBirth=April, strDBirth=2, strYBirth=1994, strLanguage=Spanish, strCity=Bogotá, strZip=110141, strCountry=Colombia, strMobileD=Xiaomi, strModel=Redmi Note 6 Pro, strOSystem=Android 10, strPassword=uTest.Wilson01} [Given than Wilson wants to join uTest [Wilson open up [Wilson opens the Utest page], Wilson join today [Wilson clicks on button that shows us the form to join]], When he complete the form on the uTest platform
| strFName | strLName | strEmail | strMBirth | strDBirth | strYBirth | strLanguage | strCity | strZip | strCountry | strMobileD | strModel | strOSystem | strPassword |
| Wilson | Ramírez | pepito@gmail.com | April | 2 | 1994 | Spanish | Bogotá | 110141 | Colombia | Xiaomi | Redmi Note 6 Pro | Android 10 | uTest.Wilson01 | [Wilson complete form [Wilson enters 'Wilson' into complete firstname, Wilson enters 'Ramírez' into complete lastname, Wilson enters 'pepito@gmail.com' into complete email, Wilson enters 'April' into complete birthMonth, Wilson enters '2' into complete birthDay, Wilson enters '1994' into complete birthYear, Wilson enters 'Spanish' into complete languages spoken, Wilson clicks on select languages spoken, Wilson clicks on button Next: Location]]]
[Test worker] WARN net.thucydides.core.steps.BaseStepListener - stepStarted: net.thucydides.core.steps.ExecutedStepDescription@38ff9f4d
[Test worker] WARN net.thucydides.core.steps.BaseStepListener - stepFinished: current outcome:Join to Utest:Example: {strUserCreated=Complete Setup, strFName=Wilson, strLName=Ramírez, strEmail=pepito@gmail.com, strMBirth=April, strDBirth=2, strYBirth=1994, strLanguage=Spanish, strCity=Bogotá, strZip=110141, strCountry=Colombia, strMobileD=Xiaomi, strModel=Redmi Note 6 Pro, strOSystem=Android 10, strPassword=uTest.Wilson01} [Given than Wilson wants to join uTest [Wilson open up [Wilson opens the Utest page], Wilson join today [Wilson clicks on button that shows us the form to join]], When he complete the form on the uTest platform
| strFName | strLName | strEmail | strMBirth | strDBirth | strYBirth | strLanguage | strCity | strZip | strCountry | strMobileD | strModel | strOSystem | strPassword |
| Wilson | Ramírez | pepito@gmail.com | April | 2 | 1994 | Spanish | Bogotá | 110141 | Colombia | Xiaomi | Redmi Note 6 Pro | Android 10 | uTest.Wilson01 | [Wilson complete form [Wilson enters 'Wilson' into complete firstname, Wilson enters 'Ramírez' into complete lastname, Wilson enters 'pepito@gmail.com' into complete email, Wilson enters 'April' into complete birthMonth, Wilson enters '2' into complete birthDay, Wilson enters '1994' into complete birthYear, Wilson enters 'Spanish' into complete languages spoken, Wilson clicks on select languages spoken, Wilson clicks on button Next: Location, Wilson enters 'Bogotá' into complete city]]]
[Test worker] WARN net.thucydides.core.steps.BaseStepListener - stepStarted: net.thucydides.core.steps.ExecutedStepDescription@1695ad21
[Test worker] WARN net.thucydides.core.steps.BaseStepListener - stepFinished: current outcome:Join to Utest:Example: {strUserCreated=Complete Setup, strFName=Wilson, strLName=Ramírez, strEmail=pepito@gmail.com, strMBirth=April, strDBirth=2, strYBirth=1994, strLanguage=Spanish, strCity=Bogotá, strZip=110141, strCountry=Colombia, strMobileD=Xiaomi, strModel=Redmi Note 6 Pro, strOSystem=Android 10, strPassword=uTest.Wilson01} [Given than Wilson wants to join uTest [Wilson open up [Wilson opens the Utest page], Wilson join today [Wilson clicks on button that shows us the form to join]], When he complete the form on the uTest platform
| strFName | strLName | strEmail | strMBirth | strDBirth | strYBirth | strLanguage | strCity | strZip | strCountry | strMobileD | strModel | strOSystem | strPassword |
| Wilson | Ramírez | pepito@gmail.com | April | 2 | 1994 | Spanish | Bogotá | 110141 | Colombia | Xiaomi | Redmi Note 6 Pro | Android 10 | uTest.Wilson01 | [Wilson complete form [Wilson enters 'Wilson' into complete firstname, Wilson enters 'Ramírez' into complete lastname, Wilson enters 'pepito@gmail.com' into complete email, Wilson enters 'April' into complete birthMonth, Wilson enters '2' into complete birthDay, Wilson enters '1994' into complete birthYear, Wilson enters 'Spanish' into complete languages spoken, Wilson clicks on select languages spoken, Wilson clicks on button Next: Location, Wilson enters 'Bogotá' into complete city, Wilson enters '110141' into complete zip]]]
[Test worker] WARN net.thucydides.core.steps.BaseStepListener - stepStarted: net.thucydides.core.steps.ExecutedStepDescription@3622399f
[Test worker] WARN net.thucydides.core.steps.BaseStepListener - stepFinished: current outcome:Join to Utest:Example: {strUserCreated=Complete Setup, strFName=Wilson, strLName=Ramírez, strEmail=pepito@gmail.com, strMBirth=April, strDBirth=2, strYBirth=1994, strLanguage=Spanish, strCity=Bogotá, strZip=110141, strCountry=Colombia, strMobileD=Xiaomi, strModel=Redmi Note 6 Pro, strOSystem=Android 10, strPassword=uTest.Wilson01} [Given than Wilson wants to join uTest [Wilson open up [Wilson opens the Utest page], Wilson join today [Wilson clicks on button that shows us the form to join]], When he complete the form on the uTest platform
| strFName | strLName | strEmail | strMBirth | strDBirth | strYBirth | strLanguage | strCity | strZip | strCountry | strMobileD | strModel | strOSystem | strPassword |
| Wilson | Ramírez | pepito@gmail.com | April | 2 | 1994 | Spanish | Bogotá | 110141 | Colombia | Xiaomi | Redmi Note 6 Pro | Android 10 | uTest.Wilson01 | [Wilson complete form [Wilson enters 'Wilson' into complete firstname, Wilson enters 'Ramírez' into complete lastname, Wilson enters 'pepito@gmail.com' into complete email, Wilson enters 'April' into complete birthMonth, Wilson enters '2' into complete birthDay, Wilson enters '1994' into complete birthYear, Wilson enters 'Spanish' into complete languages spoken, Wilson clicks on select languages spoken, Wilson clicks on button Next: Location, Wilson enters 'Bogotá' into complete city, Wilson enters '110141' into complete zip, Wilson clicks on select1 country]]]
[Test worker] WARN net.thucydides.core.steps.BaseStepListener - stepStarted: net.thucydides.core.steps.ExecutedStepDescription@7d097ec9
[Test worker] WARN net.thucydides.core.steps.BaseStepListener - stepFinished: current outcome:Join to Utest:Example: {strUserCreated=Complete Setup, strFName=Wilson, strLName=Ramírez, strEmail=pepito@gmail.com, strMBirth=April, strDBirth=2, strYBirth=1994, strLanguage=Spanish, strCity=Bogotá, strZip=110141, strCountry=Colombia, strMobileD=Xiaomi, strModel=Redmi Note 6 Pro, strOSystem=Android 10, strPassword=uTest.Wilson01} [Given than Wilson wants to join uTest [Wilson open up [Wilson opens the Utest page], Wilson join today [Wilson clicks on button that shows us the form to join]], When he complete the form on the uTest platform
| strFName | strLName | strEmail | strMBirth | strDBirth | strYBirth | strLanguage | strCity | strZip | strCountry | strMobileD | strModel | strOSystem | strPassword |
| Wilson | Ramírez | pepito@gmail.com | April | 2 | 1994 | Spanish | Bogotá | 110141 | Colombia | Xiaomi | Redmi Note 6 Pro | Android 10 | uTest.Wilson01 | [Wilson complete form [Wilson enters 'Wilson' into complete firstname, Wilson enters 'Ramírez' into complete lastname, Wilson enters 'pepito@gmail.com' into complete email, Wilson enters 'April' into complete birthMonth, Wilson enters '2' into complete birthDay, Wilson enters '1994' into complete birthYear, Wilson enters 'Spanish' into complete languages spoken, Wilson clicks on select languages spoken, Wilson clicks on button Next: Location, Wilson enters 'Bogotá' into complete city, Wilson enters '110141' into complete zip, Wilson clicks on select1 country, Wilson enters 'Colombia' into complete country]]]
[Test worker] WARN net.thucydides.core.steps.BaseStepListener - stepStarted: net.thucydides.core.steps.ExecutedStepDescription@24edd316
[Test worker] WARN net.thucydides.core.steps.BaseStepListener - stepFinished: current outcome:Join to Utest:Example: {strUserCreated=Complete Setup, strFName=Wilson, strLName=Ramírez, strEmail=pepito@gmail.com, strMBirth=April, strDBirth=2, strYBirth=1994, strLanguage=Spanish, strCity=Bogotá, strZip=110141, strCountry=Colombia, strMobileD=Xiaomi, strModel=Redmi Note 6 Pro, strOSystem=Android 10, strPassword=uTest.Wilson01} [Given than Wilson wants to join uTest [Wilson open up [Wilson opens the Utest page], Wilson join today [Wilson clicks on button that shows us the form to join]], When he complete the form on the uTest platform
| strFName | strLName | strEmail | strMBirth | strDBirth | strYBirth | strLanguage | strCity | strZip | strCountry | strMobileD | strModel | strOSystem | strPassword |
| Wilson | Ramírez | pepito@gmail.com | April | 2 | 1994 | Spanish | Bogotá | 110141 | Colombia | Xiaomi | Redmi Note 6 Pro | Android 10 | uTest.Wilson01 | [Wilson complete form [Wilson enters 'Wilson' into complete firstname, Wilson enters 'Ramírez' into complete lastname, Wilson enters 'pepito@gmail.com' into complete email, Wilson enters 'April' into complete birthMonth, Wilson enters '2' into complete birthDay, Wilson enters '1994' into complete birthYear, Wilson enters 'Spanish' into complete languages spoken, Wilson clicks on select languages spoken, Wilson clicks on button Next: Location, Wilson enters 'Bogotá' into complete city, Wilson enters '110141' into complete zip, Wilson clicks on select1 country, Wilson enters 'Colombia' into complete country, Wilson types 'ENTER' in complete country]]]
[Test worker] WARN net.thucydides.core.steps.BaseStepListener - stepStarted: net.thucydides.core.steps.ExecutedStepDescription@43ae0a46
[Test worker] WARN net.thucydides.core.steps.BaseStepListener - stepFinished: current outcome:Join to Utest:Example: {strUserCreated=Complete Setup, strFName=Wilson, strLName=Ramírez, strEmail=pepito@gmail.com, strMBirth=April, strDBirth=2, strYBirth=1994, strLanguage=Spanish, strCity=Bogotá, strZip=110141, strCountry=Colombia, strMobileD=Xiaomi, strModel=Redmi Note 6 Pro, strOSystem=Android 10, strPassword=uTest.Wilson01} [Given than Wilson wants to join uTest [Wilson open up [Wilson opens the Utest page], Wilson join today [Wilson clicks on button that shows us the form to join]], When he complete the form on the uTest platform
| strFName | strLName | strEmail | strMBirth | strDBirth | strYBirth | strLanguage | strCity | strZip | strCountry | strMobileD | strModel | strOSystem | strPassword |
| Wilson | Ramírez | pepito@gmail.com | April | 2 | 1994 | Spanish | Bogotá | 110141 | Colombia | Xiaomi | Redmi Note 6 Pro | Android 10 | uTest.Wilson01 | [Wilson complete form [Wilson enters 'Wilson' into complete firstname, Wilson enters 'Ramírez' into complete lastname, Wilson enters 'pepito@gmail.com' into complete email, Wilson enters 'April' into complete birthMonth, Wilson enters '2' into complete birthDay, Wilson enters '1994' into complete birthYear, Wilson enters 'Spanish' into complete languages spoken, Wilson clicks on select languages spoken, Wilson clicks on button Next: Location, Wilson enters 'Bogotá' into complete city, Wilson enters '110141' into complete zip, Wilson clicks on select1 country, Wilson enters 'Colombia' into complete country, Wilson types 'ENTER' in complete country, Wilson clicks on button Next: Next Devices]]]
[Test worker] WARN net.thucydides.core.steps.BaseStepListener - stepStarted: net.thucydides.core.steps.ExecutedStepDescription@5dcd0b27
[Test worker] WARN net.thucydides.core.steps.BaseStepListener - stepFinished: current outcome:Join to Utest:Example: {strUserCreated=Complete Setup, strFName=Wilson, strLName=Ramírez, strEmail=pepito@gmail.com, strMBirth=April, strDBirth=2, strYBirth=1994, strLanguage=Spanish, strCity=Bogotá, strZip=110141, strCountry=Colombia, strMobileD=Xiaomi, strModel=Redmi Note 6 Pro, strOSystem=Android 10, strPassword=uTest.Wilson01} [Given than Wilson wants to join uTest [Wilson open up [Wilson opens the Utest page], Wilson join today [Wilson clicks on button that shows us the form to join]], When he complete the form on the uTest platform
| strFName | strLName | strEmail | strMBirth | strDBirth | strYBirth | strLanguage | strCity | strZip | strCountry | strMobileD | strModel | strOSystem | strPassword |
| Wilson | Ramírez | pepito@gmail.com | April | 2 | 1994 | Spanish | Bogotá | 110141 | Colombia | Xiaomi | Redmi Note 6 Pro | Android 10 | uTest.Wilson01 | [Wilson complete form [Wilson enters 'Wilson' into complete firstname, Wilson enters 'Ramírez' into complete lastname, Wilson enters 'pepito@gmail.com' into complete email, Wilson enters 'April' into complete birthMonth, Wilson enters '2' into complete birthDay, Wilson enters '1994' into complete birthYear, Wilson enters 'Spanish' into complete languages spoken, Wilson clicks on select languages spoken, Wilson clicks on button Next: Location, Wilson enters 'Bogotá' into complete city, Wilson enters '110141' into complete zip, Wilson clicks on select1 country, Wilson enters 'Colombia' into complete country, Wilson types 'ENTER' in complete country, Wilson clicks on button Next: Next Devices, Wilson clicks on select mobile device]]]
[Test worker] WARN net.thucydides.core.steps.BaseStepListener - stepStarted: net.thucydides.core.steps.ExecutedStepDescription@1c9a65c1
[Test worker] WARN net.thucydides.core.steps.BaseStepListener - stepFinished: current outcome:Join to Utest:Example: {strUserCreated=Complete Setup, strFName=Wilson, strLName=Ramírez, strEmail=pepito@gmail.com, strMBirth=April, strDBirth=2, strYBirth=1994, strLanguage=Spanish, strCity=Bogotá, strZip=110141, strCountry=Colombia, strMobileD=Xiaomi, strModel=Redmi Note 6 Pro, strOSystem=Android 10, strPassword=uTest.Wilson01} [Given than Wilson wants to join uTest [Wilson open up [Wilson opens the Utest page], Wilson join today [Wilson clicks on button that shows us the form to join]], When he complete the form on the uTest platform
| strFName | strLName | strEmail | strMBirth | strDBirth | strYBirth | strLanguage | strCity | strZip | strCountry | strMobileD | strModel | strOSystem | strPassword |
| Wilson | Ramírez | pepito@gmail.com | April | 2 | 1994 | Spanish | Bogotá | 110141 | Colombia | Xiaomi | Redmi Note 6 Pro | Android 10 | uTest.Wilson01 | [Wilson complete form [Wilson enters 'Wilson' into complete firstname, Wilson enters 'Ramírez' into complete lastname, Wilson enters 'pepito@gmail.com' into complete email, Wilson enters 'April' into complete birthMonth, Wilson enters '2' into complete birthDay, Wilson enters '1994' into complete birthYear, Wilson enters 'Spanish' into complete languages spoken, Wilson clicks on select languages spoken, Wilson clicks on button Next: Location, Wilson enters 'Bogotá' into complete city, Wilson enters '110141' into complete zip, Wilson clicks on select1 country, Wilson enters 'Colombia' into complete country, Wilson types 'ENTER' in complete country, Wilson clicks on button Next: Next Devices, Wilson clicks on select mobile device, Wilson enters 'Xiaomi' into complete mobile device]]]
[Test worker] WARN net.thucydides.core.steps.BaseStepListener - stepStarted: net.thucydides.core.steps.ExecutedStepDescription@7957d0de
[Test worker] WARN net.thucydides.core.steps.BaseStepListener - stepFinished: current outcome:Join to Utest:Example: {strUserCreated=Complete Setup, strFName=Wilson, strLName=Ramírez, strEmail=pepito@gmail.com, strMBirth=April, strDBirth=2, strYBirth=1994, strLanguage=Spanish, strCity=Bogotá, strZip=110141, strCountry=Colombia, strMobileD=Xiaomi, strModel=Redmi Note 6 Pro, strOSystem=Android 10, strPassword=uTest.Wilson01} [Given than Wilson wants to join uTest [Wilson open up [Wilson opens the Utest page], Wilson join today [Wilson clicks on button that shows us the form to join]], When he complete the form on the uTest platform
| strFName | strLName | strEmail | strMBirth | strDBirth | strYBirth | strLanguage | strCity | strZip | strCountry | strMobileD | strModel | strOSystem | strPassword |
| Wilson | Ramírez | pepito@gmail.com | April | 2 | 1994 | Spanish | Bogotá | 110141 | Colombia | Xiaomi | Redmi Note 6 Pro | Android 10 | uTest.Wilson01 | [Wilson complete form [Wilson enters 'Wilson' into complete firstname, Wilson enters 'Ramírez' into complete lastname, Wilson enters 'pepito@gmail.com' into complete email, Wilson enters 'April' into complete birthMonth, Wilson enters '2' into complete birthDay, Wilson enters '1994' into complete birthYear, Wilson enters 'Spanish' into complete languages spoken, Wilson clicks on select languages spoken, Wilson clicks on button Next: Location, Wilson enters 'Bogotá' into complete city, Wilson enters '110141' into complete zip, Wilson clicks on select1 country, Wilson enters 'Colombia' into complete country, Wilson types 'ENTER' in complete country, Wilson clicks on button Next: Next Devices, Wilson clicks on select mobile device, Wilson enters 'Xiaomi' into complete mobile device, Wilson types 'ENTER' in complete mobile device]]]
[Test worker] WARN net.thucydides.core.steps.BaseStepListener - stepStarted: net.thucydides.core.steps.ExecutedStepDescription@ac23ac
[Test worker] WARN net.thucydides.core.steps.BaseStepListener - stepFinished: current outcome:Join to Utest:Example: {strUserCreated=Complete Setup, strFName=Wilson, strLName=Ramírez, strEmail=pepito@gmail.com, strMBirth=April, strDBirth=2, strYBirth=1994, strLanguage=Spanish, strCity=Bogotá, strZip=110141, strCountry=Colombia, strMobileD=Xiaomi, strModel=Redmi Note 6 Pro, strOSystem=Android 10, strPassword=uTest.Wilson01} [Given than Wilson wants to join uTest [Wilson open up [Wilson opens the Utest page], Wilson join today [Wilson clicks on button that shows us the form to join]], When he complete the form on the uTest platform
| strFName | strLName | strEmail | strMBirth | strDBirth | strYBirth | strLanguage | strCity | strZip | strCountry | strMobileD | strModel | strOSystem | strPassword |
| Wilson | Ramírez | pepito@gmail.com | April | 2 | 1994 | Spanish | Bogotá | 110141 | Colombia | Xiaomi | Redmi Note 6 Pro | Android 10 | uTest.Wilson01 | [Wilson complete form [Wilson enters 'Wilson' into complete firstname, Wilson enters 'Ramírez' into complete lastname, Wilson enters 'pepito@gmail.com' into complete email, Wilson enters 'April' into complete birthMonth, Wilson enters '2' into complete birthDay, Wilson enters '1994' into complete birthYear, Wilson enters 'Spanish' into complete languages spoken, Wilson clicks on select languages spoken, Wilson clicks on button Next: Location, Wilson enters 'Bogotá' into complete city, Wilson enters '110141' into complete zip, Wilson clicks on select1 country, Wilson enters 'Colombia' into complete country, Wilson types 'ENTER' in complete country, Wilson clicks on button Next: Next Devices, Wilson clicks on select mobile device, Wilson enters 'Xiaomi' into complete mobile device, Wilson types 'ENTER' in complete mobile device, Wilson clicks on select model]]]
[Test worker] WARN net.thucydides.core.steps.BaseStepListener - stepStarted: net.thucydides.core.steps.ExecutedStepDescription@ab73b69
[Test worker] WARN net.thucydides.core.steps.BaseStepListener - stepFinished: current outcome:Join to Utest:Example: {strUserCreated=Complete Setup, strFName=Wilson, strLName=Ramírez, strEmail=pepito@gmail.com, strMBirth=April, strDBirth=2, strYBirth=1994, strLanguage=Spanish, strCity=Bogotá, strZip=110141, strCountry=Colombia, strMobileD=Xiaomi, strModel=Redmi Note 6 Pro, strOSystem=Android 10, strPassword=uTest.Wilson01} [Given than Wilson wants to join uTest [Wilson open up [Wilson opens the Utest page], Wilson join today [Wilson clicks on button that shows us the form to join]], When he complete the form on the uTest platform
| strFName | strLName | strEmail | strMBirth | strDBirth | strYBirth | strLanguage | strCity | strZip | strCountry | strMobileD | strModel | strOSystem | strPassword |
| Wilson | Ramírez | pepito@gmail.com | April | 2 | 1994 | Spanish | Bogotá | 110141 | Colombia | Xiaomi | Redmi Note 6 Pro | Android 10 | uTest.Wilson01 | [Wilson complete form [Wilson enters 'Wilson' into complete firstname, Wilson enters 'Ramírez' into complete lastname, Wilson enters 'pepito@gmail.com' into complete email, Wilson enters 'April' into complete birthMonth, Wilson enters '2' into complete birthDay, Wilson enters '1994' into complete birthYear, Wilson enters 'Spanish' into complete languages spoken, Wilson clicks on select languages spoken, Wilson clicks on button Next: Location, Wilson enters 'Bogotá' into complete city, Wilson enters '110141' into complete zip, Wilson clicks on select1 country, Wilson enters 'Colombia' into complete country, Wilson types 'ENTER' in complete country, Wilson clicks on button Next: Next Devices, Wilson clicks on select mobile device, Wilson enters 'Xiaomi' into complete mobile device, Wilson types 'ENTER' in complete mobile device, Wilson clicks on select model, Wilson enters 'Redmi Note 6 Pro' into complete model]]]
[Test worker] WARN net.thucydides.core.steps.BaseStepListener - stepStarted: net.thucydides.core.steps.ExecutedStepDescription@3f8a3661
[Test worker] WARN net.thucydides.core.steps.BaseStepListener - stepFinished: current outcome:Join to Utest:Example: {strUserCreated=Complete Setup, strFName=Wilson, strLName=Ramírez, strEmail=pepito@gmail.com, strMBirth=April, strDBirth=2, strYBirth=1994, strLanguage=Spanish, strCity=Bogotá, strZip=110141, strCountry=Colombia, strMobileD=Xiaomi, strModel=Redmi Note 6 Pro, strOSystem=Android 10, strPassword=uTest.Wilson01} [Given than Wilson wants to join uTest [Wilson open up [Wilson opens the Utest page], Wilson join today [Wilson clicks on button that shows us the form to join]], When he complete the form on the uTest platform
| strFName | strLName | strEmail | strMBirth | strDBirth | strYBirth | strLanguage | strCity | strZip | strCountry | strMobileD | strModel | strOSystem | strPassword |
| Wilson | Ramírez | pepito@gmail.com | April | 2 | 1994 | Spanish | Bogotá | 110141 | Colombia | Xiaomi | Redmi Note 6 Pro | Android 10 | uTest.Wilson01 | [Wilson complete form [Wilson enters 'Wilson' into complete firstname, Wilson enters 'Ramírez' into complete lastname, Wilson enters 'pepito@gmail.com' into complete email, Wilson enters 'April' into complete birthMonth, Wilson enters '2' into complete birthDay, Wilson enters '1994' into complete birthYear, Wilson enters 'Spanish' into complete languages spoken, Wilson clicks on select languages spoken, Wilson clicks on button Next: Location, Wilson enters 'Bogotá' into complete city, Wilson enters '110141' into complete zip, Wilson clicks on select1 country, Wilson enters 'Colombia' into complete country, Wilson types 'ENTER' in complete country, Wilson clicks on button Next: Next Devices, Wilson clicks on select mobile device, Wilson enters 'Xiaomi' into complete mobile device, Wilson types 'ENTER' in complete mobile device, Wilson clicks on select model, Wilson enters 'Redmi Note 6 Pro' into complete model, Wilson types 'ENTER' in complete model]]]
[Test worker] WARN net.thucydides.core.steps.BaseStepListener - stepStarted: net.thucydides.core.steps.ExecutedStepDescription@1613696a
[Test worker] WARN net.thucydides.core.steps.BaseStepListener - stepFinished: current outcome:Join to Utest:Example: {strUserCreated=Complete Setup, strFName=Wilson, strLName=Ramírez, strEmail=pepito@gmail.com, strMBirth=April, strDBirth=2, strYBirth=1994, strLanguage=Spanish, strCity=Bogotá, strZip=110141, strCountry=Colombia, strMobileD=Xiaomi, strModel=Redmi Note 6 Pro, strOSystem=Android 10, strPassword=uTest.Wilson01} [Given than Wilson wants to join uTest [Wilson open up [Wilson opens the Utest page], Wilson join today [Wilson clicks on button that shows us the form to join]], When he complete the form on the uTest platform
| strFName | strLName | strEmail | strMBirth | strDBirth | strYBirth | strLanguage | strCity | strZip | strCountry | strMobileD | strModel | strOSystem | strPassword |
| Wilson | Ramírez | pepito@gmail.com | April | 2 | 1994 | Spanish | Bogotá | 110141 | Colombia | Xiaomi | Redmi Note 6 Pro | Android 10 | uTest.Wilson01 | [Wilson complete form [Wilson enters 'Wilson' into complete firstname, Wilson enters 'Ramírez' into complete lastname, Wilson enters 'pepito@gmail.com' into complete email, Wilson enters 'April' into complete birthMonth, Wilson enters '2' into complete birthDay, Wilson enters '1994' into complete birthYear, Wilson enters 'Spanish' into complete languages spoken, Wilson clicks on select languages spoken, Wilson clicks on button Next: Location, Wilson enters 'Bogotá' into complete city, Wilson enters '110141' into complete zip, Wilson clicks on select1 country, Wilson enters 'Colombia' into complete country, Wilson types 'ENTER' in complete country, Wilson clicks on button Next: Next Devices, Wilson clicks on select mobile device, Wilson enters 'Xiaomi' into complete mobile device, Wilson types 'ENTER' in complete mobile device, Wilson clicks on select model, Wilson enters 'Redmi Note 6 Pro' into complete model, Wilson types 'ENTER' in complete model, Wilson clicks on select operative system]]]
[Test worker] WARN net.thucydides.core.steps.BaseStepListener - stepStarted: net.thucydides.core.steps.ExecutedStepDescription@6bae4347
[Test worker] WARN net.thucydides.core.steps.BaseStepListener - stepFinished: current outcome:Join to Utest:Example: {strUserCreated=Complete Setup, strFName=Wilson, strLName=Ramírez, strEmail=pepito@gmail.com, strMBirth=April, strDBirth=2, strYBirth=1994, strLanguage=Spanish, strCity=Bogotá, strZip=110141, strCountry=Colombia, strMobileD=Xiaomi, strModel=Redmi Note 6 Pro, strOSystem=Android 10, strPassword=uTest.Wilson01} [Given than Wilson wants to join uTest [Wilson open up [Wilson opens the Utest page], Wilson join today [Wilson clicks on button that shows us the form to join]], When he complete the form on the uTest platform
| strFName | strLName | strEmail | strMBirth | strDBirth | strYBirth | strLanguage | strCity | strZip | strCountry | strMobileD | strModel | strOSystem | strPassword |
| Wilson | Ramírez | pepito@gmail.com | April | 2 | 1994 | Spanish | Bogotá | 110141 | Colombia | Xiaomi | Redmi Note 6 Pro | Android 10 | uTest.Wilson01 | [Wilson complete form [Wilson enters 'Wilson' into complete firstname, Wilson enters 'Ramírez' into complete lastname, Wilson enters 'pepito@gmail.com' into complete email, Wilson enters 'April' into complete birthMonth, Wilson enters '2' into complete birthDay, Wilson enters '1994' into complete birthYear, Wilson enters 'Spanish' into complete languages spoken, Wilson clicks on select languages spoken, Wilson clicks on button Next: Location, Wilson enters 'Bogotá' into complete city, Wilson enters '110141' into complete zip, Wilson clicks on select1 country, Wilson enters 'Colombia' into complete country, Wilson types 'ENTER' in complete country, Wilson clicks on button Next: Next Devices, Wilson clicks on select mobile device, Wilson enters 'Xiaomi' into complete mobile device, Wilson types 'ENTER' in complete mobile device, Wilson clicks on select model, Wilson enters 'Redmi Note 6 Pro' into complete model, Wilson types 'ENTER' in complete model, Wilson clicks on select operative system, Wilson enters 'Android 10' into complete complete operative system]]]
[Test worker] WARN net.thucydides.core.steps.BaseStepListener - stepStarted: net.thucydides.core.steps.ExecutedStepDescription@77490484
[Test worker] WARN net.thucydides.core.steps.BaseStepListener - stepFinished: current outcome:Join to Utest:Example: {strUserCreated=Complete Setup, strFName=Wilson, strLName=Ramírez, strEmail=pepito@gmail.com, strMBirth=April, strDBirth=2, strYBirth=1994, strLanguage=Spanish, strCity=Bogotá, strZip=110141, strCountry=Colombia, strMobileD=Xiaomi, strModel=Redmi Note 6 Pro, strOSystem=Android 10, strPassword=uTest.Wilson01} [Given than Wilson wants to join uTest [Wilson open up [Wilson opens the Utest page], Wilson join today [Wilson clicks on button that shows us the form to join]], When he complete the form on the uTest platform
| strFName | strLName | strEmail | strMBirth | strDBirth | strYBirth | strLanguage | strCity | strZip | strCountry | strMobileD | strModel | strOSystem | strPassword |
| Wilson | Ramírez | pepito@gmail.com | April | 2 | 1994 | Spanish | Bogotá | 110141 | Colombia | Xiaomi | Redmi Note 6 Pro | Android 10 | uTest.Wilson01 | [Wilson complete form [Wilson enters 'Wilson' into complete firstname, Wilson enters 'Ramírez' into complete lastname, Wilson enters 'pepito@gmail.com' into complete email, Wilson enters 'April' into complete birthMonth, Wilson enters '2' into complete birthDay, Wilson enters '1994' into complete birthYear, Wilson enters 'Spanish' into complete languages spoken, Wilson clicks on select languages spoken, Wilson clicks on button Next: Location, Wilson enters 'Bogotá' into complete city, Wilson enters '110141' into complete zip, Wilson clicks on select1 country, Wilson enters 'Colombia' into complete country, Wilson types 'ENTER' in complete country, Wilson clicks on button Next: Next Devices, Wilson clicks on select mobile device, Wilson enters 'Xiaomi' into complete mobile device, Wilson types 'ENTER' in complete mobile device, Wilson clicks on select model, Wilson enters 'Redmi Note 6 Pro' into complete model, Wilson types 'ENTER' in complete model, Wilson clicks on select operative system, Wilson enters 'Android 10' into complete complete operative system, Wilson types 'ENTER' in complete complete operative system]]]
[Test worker] WARN net.thucydides.core.steps.BaseStepListener - stepStarted: net.thucydides.core.steps.ExecutedStepDescription@5b5f642a
[Test worker] WARN net.thucydides.core.steps.BaseStepListener - stepFinished: current outcome:Join to Utest:Example: {strUserCreated=Complete Setup, strFName=Wilson, strLName=Ramírez, strEmail=pepito@gmail.com, strMBirth=April, strDBirth=2, strYBirth=1994, strLanguage=Spanish, strCity=Bogotá, strZip=110141, strCountry=Colombia, strMobileD=Xiaomi, strModel=Redmi Note 6 Pro, strOSystem=Android 10, strPassword=uTest.Wilson01} [Given than Wilson wants to join uTest [Wilson open up [Wilson opens the Utest page], Wilson join today [Wilson clicks on button that shows us the form to join]], When he complete the form on the uTest platform
| strFName | strLName | strEmail | strMBirth | strDBirth | strYBirth | strLanguage | strCity | strZip | strCountry | strMobileD | strModel | strOSystem | strPassword |
| Wilson | Ramírez | pepito@gmail.com | April | 2 | 1994 | Spanish | Bogotá | 110141 | Colombia | Xiaomi | Redmi Note 6 Pro | Android 10 | uTest.Wilson01 | [Wilson complete form [Wilson enters 'Wilson' into complete firstname, Wilson enters 'Ramírez' into complete lastname, Wilson enters 'pepito@gmail.com' into complete email, Wilson enters 'April' into complete birthMonth, Wilson enters '2' into complete birthDay, Wilson enters '1994' into complete birthYear, Wilson enters 'Spanish' into complete languages spoken, Wilson clicks on select languages spoken, Wilson clicks on button Next: Location, Wilson enters 'Bogotá' into complete city, Wilson enters '110141' into complete zip, Wilson clicks on select1 country, Wilson enters 'Colombia' into complete country, Wilson types 'ENTER' in complete country, Wilson clicks on button Next: Next Devices, Wilson clicks on select mobile device, Wilson enters 'Xiaomi' into complete mobile device, Wilson types 'ENTER' in complete mobile device, Wilson clicks on select model, Wilson enters 'Redmi Note 6 Pro' into complete model, Wilson types 'ENTER' in complete model, Wilson clicks on select operative system, Wilson enters 'Android 10' into complete complete operative system, Wilson types 'ENTER' in complete complete operative system, Wilson clicks on button Next: Last Step]]]
[Test worker] WARN net.thucydides.core.steps.BaseStepListener - stepStarted: net.thucydides.core.steps.ExecutedStepDescription@5a5a2cd4
[Test worker] WARN net.thucydides.core.steps.BaseStepListener - stepFinished: current outcome:Join to Utest:Example: {strUserCreated=Complete Setup, strFName=Wilson, strLName=Ramírez, strEmail=pepito@gmail.com, strMBirth=April, strDBirth=2, strYBirth=1994, strLanguage=Spanish, strCity=Bogotá, strZip=110141, strCountry=Colombia, strMobileD=Xiaomi, strModel=Redmi Note 6 Pro, strOSystem=Android 10, strPassword=uTest.Wilson01} [Given than Wilson wants to join uTest [Wilson open up [Wilson opens the Utest page], Wilson join today [Wilson clicks on button that shows us the form to join]], When he complete the form on the uTest platform
| strFName | strLName | strEmail | strMBirth | strDBirth | strYBirth | strLanguage | strCity | strZip | strCountry | strMobileD | strModel | strOSystem | strPassword |
| Wilson | Ramírez | pepito@gmail.com | April | 2 | 1994 | Spanish | Bogotá | 110141 | Colombia | Xiaomi | Redmi Note 6 Pro | Android 10 | uTest.Wilson01 | [Wilson complete form [Wilson enters 'Wilson' into complete firstname, Wilson enters 'Ramírez' into complete lastname, Wilson enters 'pepito@gmail.com' into complete email, Wilson enters 'April' into complete birthMonth, Wilson enters '2' into complete birthDay, Wilson enters '1994' into complete birthYear, Wilson enters 'Spanish' into complete languages spoken, Wilson clicks on select languages spoken, Wilson clicks on button Next: Location, Wilson enters 'Bogotá' into complete city, Wilson enters '110141' into complete zip, Wilson clicks on select1 country, Wilson enters 'Colombia' into complete country, Wilson types 'ENTER' in complete country, Wilson clicks on button Next: Next Devices, Wilson clicks on select mobile device, Wilson enters 'Xiaomi' into complete mobile device, Wilson types 'ENTER' in complete mobile device, Wilson clicks on select model, Wilson enters 'Redmi Note 6 Pro' into complete model, Wilson types 'ENTER' in complete model, Wilson clicks on select operative system, Wilson enters 'Android 10' into complete complete operative system, Wilson types 'ENTER' in complete complete operative system, Wilson clicks on button Next: Last Step, Wilson enters 'uTest.Wilson01' into complete password]]]
[Test worker] WARN net.thucydides.core.steps.BaseStepListener - stepStarted: net.thucydides.core.steps.ExecutedStepDescription@139d6030
[Test worker] WARN net.thucydides.core.steps.BaseStepListener - stepFinished: current outcome:Join to Utest:Example: {strUserCreated=Complete Setup, strFName=Wilson, strLName=Ramírez, strEmail=pepito@gmail.com, strMBirth=April, strDBirth=2, strYBirth=1994, strLanguage=Spanish, strCity=Bogotá, strZip=110141, strCountry=Colombia, strMobileD=Xiaomi, strModel=Redmi Note 6 Pro, strOSystem=Android 10, strPassword=uTest.Wilson01} [Given than Wilson wants to join uTest [Wilson open up [Wilson opens the Utest page], Wilson join today [Wilson clicks on button that shows us the form to join]], When he complete the form on the uTest platform
| strFName | strLName | strEmail | strMBirth | strDBirth | strYBirth | strLanguage | strCity | strZip | strCountry | strMobileD | strModel | strOSystem | strPassword |
| Wilson | Ramírez | pepito@gmail.com | April | 2 | 1994 | Spanish | Bogotá | 110141 | Colombia | Xiaomi | Redmi Note 6 Pro | Android 10 | uTest.Wilson01 | [Wilson complete form [Wilson enters 'Wilson' into complete firstname, Wilson enters 'Ramírez' into complete lastname, Wilson enters 'pepito@gmail.com' into complete email, Wilson enters 'April' into complete birthMonth, Wilson enters '2' into complete birthDay, Wilson enters '1994' into complete birthYear, Wilson enters 'Spanish' into complete languages spoken, Wilson clicks on select languages spoken, Wilson clicks on button Next: Location, Wilson enters 'Bogotá' into complete city, Wilson enters '110141' into complete zip, Wilson clicks on select1 country, Wilson enters 'Colombia' into complete country, Wilson types 'ENTER' in complete country, Wilson clicks on button Next: Next Devices, Wilson clicks on select mobile device, Wilson enters 'Xiaomi' into complete mobile device, Wilson types 'ENTER' in complete mobile device, Wilson clicks on select model, Wilson enters 'Redmi Note 6 Pro' into complete model, Wilson types 'ENTER' in complete model, Wilson clicks on select operative system, Wilson enters 'Android 10' into complete complete operative system, Wilson types 'ENTER' in complete complete operative system, Wilson clicks on button Next: Last Step, Wilson enters 'uTest.Wilson01' into complete password, Wilson enters 'uTest.Wilson01' into complete confirm password]]]
[Test worker] WARN net.thucydides.core.steps.BaseStepListener - stepStarted: net.thucydides.core.steps.ExecutedStepDescription@48e0f9f6
[Test worker] WARN net.thucydides.core.steps.BaseStepListener - stepFinished: current outcome:Join to Utest:Example: {strUserCreated=Complete Setup, strFName=Wilson, strLName=Ramírez, strEmail=pepito@gmail.com, strMBirth=April, strDBirth=2, strYBirth=1994, strLanguage=Spanish, strCity=Bogotá, strZip=110141, strCountry=Colombia, strMobileD=Xiaomi, strModel=Redmi Note 6 Pro, strOSystem=Android 10, strPassword=uTest.Wilson01} [Given than Wilson wants to join uTest [Wilson open up [Wilson opens the Utest page], Wilson join today [Wilson clicks on button that shows us the form to join]], When he complete the form on the uTest platform
| strFName | strLName | strEmail | strMBirth | strDBirth | strYBirth | strLanguage | strCity | strZip | strCountry | strMobileD | strModel | strOSystem | strPassword |
| Wilson | Ramírez | pepito@gmail.com | April | 2 | 1994 | Spanish | Bogotá | 110141 | Colombia | Xiaomi | Redmi Note 6 Pro | Android 10 | uTest.Wilson01 | [Wilson complete form [Wilson enters 'Wilson' into complete firstname, Wilson enters 'Ramírez' into complete lastname, Wilson enters 'pepito@gmail.com' into complete email, Wilson enters 'April' into complete birthMonth, Wilson enters '2' into complete birthDay, Wilson enters '1994' into complete birthYear, Wilson enters 'Spanish' into complete languages spoken, Wilson clicks on select languages spoken, Wilson clicks on button Next: Location, Wilson enters 'Bogotá' into complete city, Wilson enters '110141' into complete zip, Wilson clicks on select1 country, Wilson enters 'Colombia' into complete country, Wilson types 'ENTER' in complete country, Wilson clicks on button Next: Next Devices, Wilson clicks on select mobile device, Wilson enters 'Xiaomi' into complete mobile device, Wilson types 'ENTER' in complete mobile device, Wilson clicks on select model, Wilson enters 'Redmi Note 6 Pro' into complete model, Wilson types 'ENTER' in complete model, Wilson clicks on select operative system, Wilson enters 'Android 10' into complete complete operative system, Wilson types 'ENTER' in complete complete operative system, Wilson clicks on button Next: Last Step, Wilson enters 'uTest.Wilson01' into complete password, Wilson enters 'uTest.Wilson01' into complete confirm password, Wilson clicks on mark uTest Terms of Use ]]]
[Test worker] WARN net.thucydides.core.steps.BaseStepListener - stepStarted: net.thucydides.core.steps.ExecutedStepDescription@6fc04242
[Test worker] WARN net.thucydides.core.steps.BaseStepListener - stepFinished: current outcome:Join to Utest:Example: {strUserCreated=Complete Setup, strFName=Wilson, strLName=Ramírez, strEmail=pepito@gmail.com, strMBirth=April, strDBirth=2, strYBirth=1994, strLanguage=Spanish, strCity=Bogotá, strZip=110141, strCountry=Colombia, strMobileD=Xiaomi, strModel=Redmi Note 6 Pro, strOSystem=Android 10, strPassword=uTest.Wilson01} [Given than Wilson wants to join uTest [Wilson open up [Wilson opens the Utest page], Wilson join today [Wilson clicks on button that shows us the form to join]], When he complete the form on the uTest platform
| strFName | strLName | strEmail | strMBirth | strDBirth | strYBirth | strLanguage | strCity | strZip | strCountry | strMobileD | strModel | strOSystem | strPassword |
| Wilson | Ramírez | pepito@gmail.com | April | 2 | 1994 | Spanish | Bogotá | 110141 | Colombia | Xiaomi | Redmi Note 6 Pro | Android 10 | uTest.Wilson01 | [Wilson complete form [Wilson enters 'Wilson' into complete firstname, Wilson enters 'Ramírez' into complete lastname, Wilson enters 'pepito@gmail.com' into complete email, Wilson enters 'April' into complete birthMonth, Wilson enters '2' into complete birthDay, Wilson enters '1994' into complete birthYear, Wilson enters 'Spanish' into complete languages spoken, Wilson clicks on select languages spoken, Wilson clicks on button Next: Location, Wilson enters 'Bogotá' into complete city, Wilson enters '110141' into complete zip, Wilson clicks on select1 country, Wilson enters 'Colombia' into complete country, Wilson types 'ENTER' in complete country, Wilson clicks on button Next: Next Devices, Wilson clicks on select mobile device, Wilson enters 'Xiaomi' into complete mobile device, Wilson types 'ENTER' in complete mobile device, Wilson clicks on select model, Wilson enters 'Redmi Note 6 Pro' into complete model, Wilson types 'ENTER' in complete model, Wilson clicks on select operative system, Wilson enters 'Android 10' into complete complete operative system, Wilson types 'ENTER' in complete complete operative system, Wilson clicks on button Next: Last Step, Wilson enters 'uTest.Wilson01' into complete password, Wilson enters 'uTest.Wilson01' into complete confirm password, Wilson clicks on mark uTest Terms of Use , Wilson clicks on mark privacy & security policy ]]]
[Test worker] WARN net.thucydides.core.steps.BaseStepListener - stepFinished: current outcome:Join to Utest:Example: {strUserCreated=Complete Setup, strFName=Wilson, strLName=Ramírez, strEmail=pepito@gmail.com, strMBirth=April, strDBirth=2, strYBirth=1994, strLanguage=Spanish, strCity=Bogotá, strZip=110141, strCountry=Colombia, strMobileD=Xiaomi, strModel=Redmi Note 6 Pro, strOSystem=Android 10, strPassword=uTest.Wilson01} [Given than Wilson wants to join uTest [Wilson open up [Wilson opens the Utest page], Wilson join today [Wilson clicks on button that shows us the form to join]], When he complete the form on the uTest platform
| strFName | strLName | strEmail | strMBirth | strDBirth | strYBirth | strLanguage | strCity | strZip | strCountry | strMobileD | strModel | strOSystem | strPassword |
| Wilson | Ramírez | pepito@gmail.com | April | 2 | 1994 | Spanish | Bogotá | 110141 | Colombia | Xiaomi | Redmi Note 6 Pro | Android 10 | uTest.Wilson01 | [Wilson complete form [Wilson enters 'Wilson' into complete firstname, Wilson enters 'Ramírez' into complete lastname, Wilson enters 'pepito@gmail.com' into complete email, Wilson enters 'April' into complete birthMonth, Wilson enters '2' into complete birthDay, Wilson enters '1994' into complete birthYear, Wilson enters 'Spanish' into complete languages spoken, Wilson clicks on select languages spoken, Wilson clicks on button Next: Location, Wilson enters 'Bogotá' into complete city, Wilson enters '110141' into complete zip, Wilson clicks on select1 country, Wilson enters 'Colombia' into complete country, Wilson types 'ENTER' in complete country, Wilson clicks on button Next: Next Devices, Wilson clicks on select mobile device, Wilson enters 'Xiaomi' into complete mobile device, Wilson types 'ENTER' in complete mobile device, Wilson clicks on select model, Wilson enters 'Redmi Note 6 Pro' into complete model, Wilson types 'ENTER' in complete model, Wilson clicks on select operative system, Wilson enters 'Android 10' into complete complete operative system, Wilson types 'ENTER' in complete complete operative system, Wilson clicks on button Next: Last Step, Wilson enters 'uTest.Wilson01' into complete password, Wilson enters 'uTest.Wilson01' into complete confirm password, Wilson clicks on mark uTest Terms of Use , Wilson clicks on mark privacy & security policy ]]]
[Test worker] WARN net.thucydides.core.steps.BaseStepListener - stepFinished: current outcome:Join to Utest:Example: {strUserCreated=Complete Setup, strFName=Wilson, strLName=Ramírez, strEmail=pepito@gmail.com, strMBirth=April, strDBirth=2, strYBirth=1994, strLanguage=Spanish, strCity=Bogotá, strZip=110141, strCountry=Colombia, strMobileD=Xiaomi, strModel=Redmi Note 6 Pro, strOSystem=Android 10, strPassword=uTest.Wilson01} [Given than Wilson wants to join uTest [Wilson open up [Wilson opens the Utest page], Wilson join today [Wilson clicks on button that shows us the form to join]], When he complete the form on the uTest platform
| strFName | strLName | strEmail | strMBirth | strDBirth | strYBirth | strLanguage | strCity | strZip | strCountry | strMobileD | strModel | strOSystem | strPassword |
| Wilson | Ramírez | pepito@gmail.com | April | 2 | 1994 | Spanish | Bogotá | 110141 | Colombia | Xiaomi | Redmi Note 6 Pro | Android 10 | uTest.Wilson01 | [Wilson complete form [Wilson enters 'Wilson' into complete firstname, Wilson enters 'Ramírez' into complete lastname, Wilson enters 'pepito@gmail.com' into complete email, Wilson enters 'April' into complete birthMonth, Wilson enters '2' into complete birthDay, Wilson enters '1994' into complete birthYear, Wilson enters 'Spanish' into complete languages spoken, Wilson clicks on select languages spoken, Wilson clicks on button Next: Location, Wilson enters 'Bogotá' into complete city, Wilson enters '110141' into complete zip, Wilson clicks on select1 country, Wilson enters 'Colombia' into complete country, Wilson types 'ENTER' in complete country, Wilson clicks on button Next: Next Devices, Wilson clicks on select mobile device, Wilson enters 'Xiaomi' into complete mobile device, Wilson types 'ENTER' in complete mobile device, Wilson clicks on select model, Wilson enters 'Redmi Note 6 Pro' into complete model, Wilson types 'ENTER' in complete model, Wilson clicks on select operative system, Wilson enters 'Android 10' into complete complete operative system, Wilson types 'ENTER' in complete complete operative system, Wilson clicks on button Next: Last Step, Wilson enters 'uTest.Wilson01' into complete password, Wilson enters 'uTest.Wilson01' into complete confirm password, Wilson clicks on mark uTest Terms of Use , Wilson clicks on mark privacy & security policy ]]]
[Test worker] WARN net.thucydides.core.steps.BaseStepListener - stepStarted: net.thucydides.core.steps.ExecutedStepDescription@68fb2603
[Test worker] WARN net.thucydides.core.steps.BaseStepListener - stepStarted: net.thucydides.core.steps.ExecutedStepDescription@3c4ea3b4
[Test worker] WARN net.thucydides.core.steps.BaseStepListener - stepFinished: current outcome:Join to Utest:Example: {strUserCreated=Complete Setup, strFName=Wilson, strLName=Ramírez, strEmail=pepito@gmail.com, strMBirth=April, strDBirth=2, strYBirth=1994, strLanguage=Spanish, strCity=Bogotá, strZip=110141, strCountry=Colombia, strMobileD=Xiaomi, strModel=Redmi Note 6 Pro, strOSystem=Android 10, strPassword=uTest.Wilson01} [Given than Wilson wants to join uTest [Wilson open up [Wilson opens the Utest page], Wilson join today [Wilson clicks on button that shows us the form to join]], When he complete the form on the uTest platform
| strFName | strLName | strEmail | strMBirth | strDBirth | strYBirth | strLanguage | strCity | strZip | strCountry | strMobileD | strModel | strOSystem | strPassword |
| Wilson | Ramírez | pepito@gmail.com | April | 2 | 1994 | Spanish | Bogotá | 110141 | Colombia | Xiaomi | Redmi Note 6 Pro | Android 10 | uTest.Wilson01 | [Wilson complete form [Wilson enters 'Wilson' into complete firstname, Wilson enters 'Ramírez' into complete lastname, Wilson enters 'pepito@gmail.com' into complete email, Wilson enters 'April' into complete birthMonth, Wilson enters '2' into complete birthDay, Wilson enters '1994' into complete birthYear, Wilson enters 'Spanish' into complete languages spoken, Wilson clicks on select languages spoken, Wilson clicks on button Next: Location, Wilson enters 'Bogotá' into complete city, Wilson enters '110141' into complete zip, Wilson clicks on select1 country, Wilson enters 'Colombia' into complete country, Wilson types 'ENTER' in complete country, Wilson clicks on button Next: Next Devices, Wilson clicks on select mobile device, Wilson enters 'Xiaomi' into complete mobile device, Wilson types 'ENTER' in complete mobile device, Wilson clicks on select model, Wilson enters 'Redmi Note 6 Pro' into complete model, Wilson types 'ENTER' in complete model, Wilson clicks on select operative system, Wilson enters 'Android 10' into complete complete operative system, Wilson types 'ENTER' in complete complete operative system, Wilson clicks on button Next: Last Step, Wilson enters 'uTest.Wilson01' into complete password, Wilson enters 'uTest.Wilson01' into complete confirm password, Wilson clicks on mark uTest Terms of Use , Wilson clicks on mark privacy & security policy ]], Then he finds the button called to create user
| strUserCreated |
| Complete Setup | [Then answer]]
[Test worker] WARN net.thucydides.core.steps.BaseStepListener - stepFinished: current outcome:Join to Utest:Example: {strUserCreated=Complete Setup, strFName=Wilson, strLName=Ramírez, strEmail=pepito@gmail.com, strMBirth=April, strDBirth=2, strYBirth=1994, strLanguage=Spanish, strCity=Bogotá, strZip=110141, strCountry=Colombia, strMobileD=Xiaomi, strModel=Redmi Note 6 Pro, strOSystem=Android 10, strPassword=uTest.Wilson01} [Given than Wilson wants to join uTest [Wilson open up [Wilson opens the Utest page], Wilson join today [Wilson clicks on button that shows us the form to join]], When he complete the form on the uTest platform
| strFName | strLName | strEmail | strMBirth | strDBirth | strYBirth | strLanguage | strCity | strZip | strCountry | strMobileD | strModel | strOSystem | strPassword |
| Wilson | Ramírez | pepito@gmail.com | April | 2 | 1994 | Spanish | Bogotá | 110141 | Colombia | Xiaomi | Redmi Note 6 Pro | Android 10 | uTest.Wilson01 | [Wilson complete form [Wilson enters 'Wilson' into complete firstname, Wilson enters 'Ramírez' into complete lastname, Wilson enters 'pepito@gmail.com' into complete email, Wilson enters 'April' into complete birthMonth, Wilson enters '2' into complete birthDay, Wilson enters '1994' into complete birthYear, Wilson enters 'Spanish' into complete languages spoken, Wilson clicks on select languages spoken, Wilson clicks on button Next: Location, Wilson enters 'Bogotá' into complete city, Wilson enters '110141' into complete zip, Wilson clicks on select1 country, Wilson enters 'Colombia' into complete country, Wilson types 'ENTER' in complete country, Wilson clicks on button Next: Next Devices, Wilson clicks on select mobile device, Wilson enters 'Xiaomi' into complete mobile device, Wilson types 'ENTER' in complete mobile device, Wilson clicks on select model, Wilson enters 'Redmi Note 6 Pro' into complete model, Wilson types 'ENTER' in complete model, Wilson clicks on select operative system, Wilson enters 'Android 10' into complete complete operative system, Wilson types 'ENTER' in complete complete operative system, Wilson clicks on button Next: Last Step, Wilson enters 'uTest.Wilson01' into complete password, Wilson enters 'uTest.Wilson01' into complete confirm password, Wilson clicks on mark uTest Terms of Use , Wilson clicks on mark privacy & security policy ]], Then he finds the button called to create user
| strUserCreated |
| Complete Setup | [Then answer]]
[Test worker] WARN net.thucydides.core.steps.BaseStepListener - stepFinished: current outcome:Join to Utest:Example: {strUserCreated=Complete Setup, strFName=Wilson, strLName=Ramírez, strEmail=pepito@gmail.com, strMBirth=April, strDBirth=2, strYBirth=1994, strLanguage=Spanish, strCity=Bogotá, strZip=110141, strCountry=Colombia, strMobileD=Xiaomi, strModel=Redmi Note 6 Pro, strOSystem=Android 10, strPassword=uTest.Wilson01} [Given than Wilson wants to join uTest [Wilson open up [Wilson opens the Utest page], Wilson join today [Wilson clicks on button that shows us the form to join]], When he complete the form on the uTest platform
| strFName | strLName | strEmail | strMBirth | strDBirth | strYBirth | strLanguage | strCity | strZip | strCountry | strMobileD | strModel | strOSystem | strPassword |
| Wilson | Ramírez | pepito@gmail.com | April | 2 | 1994 | Spanish | Bogotá | 110141 | Colombia | Xiaomi | Redmi Note 6 Pro | Android 10 | uTest.Wilson01 | [Wilson complete form [Wilson enters 'Wilson' into complete firstname, Wilson enters 'Ramírez' into complete lastname, Wilson enters 'pepito@gmail.com' into complete email, Wilson enters 'April' into complete birthMonth, Wilson enters '2' into complete birthDay, Wilson enters '1994' into complete birthYear, Wilson enters 'Spanish' into complete languages spoken, Wilson clicks on select languages spoken, Wilson clicks on button Next: Location, Wilson enters 'Bogotá' into complete city, Wilson enters '110141' into complete zip, Wilson clicks on select1 country, Wilson enters 'Colombia' into complete country, Wilson types 'ENTER' in complete country, Wilson clicks on button Next: Next Devices, Wilson clicks on select mobile device, Wilson enters 'Xiaomi' into complete mobile device, Wilson types 'ENTER' in complete mobile device, Wilson clicks on select model, Wilson enters 'Redmi Note 6 Pro' into complete model, Wilson types 'ENTER' in complete model, Wilson clicks on select operative system, Wilson enters 'Android 10' into complete complete operative system, Wilson types 'ENTER' in complete complete operative system, Wilson clicks on button Next: Last Step, Wilson enters 'uTest.Wilson01' into complete password, Wilson enters 'uTest.Wilson01' into complete confirm password, Wilson clicks on mark uTest Terms of Use , Wilson clicks on mark privacy & security policy ]], Then he finds the button called to create user
| strUserCreated |
| Complete Setup | [Then answer]]
[Test worker] WARN net.thucydides.core.steps.BaseStepListener - testFinished: Join to Utest:Example: {strUserCreated=Complete Setup, strFName=Wilson, strLName=Ramírez, strEmail=pepito@gmail.com, strMBirth=April, strDBirth=2, strYBirth=1994, strLanguage=Spanish, strCity=Bogotá, strZip=110141, strCountry=Colombia, strMobileD=Xiaomi, strModel=Redmi Note 6 Pro, strOSystem=Android 10, strPassword=uTest.Wilson01} [Given than Wilson wants to join uTest [Wilson open up [Wilson opens the Utest page], Wilson join today [Wilson clicks on button that shows us the form to join]], When he complete the form on the uTest platform
| strFName | strLName | strEmail | strMBirth | strDBirth | strYBirth | strLanguage | strCity | strZip | strCountry | strMobileD | strModel | strOSystem | strPassword |
| Wilson | Ramírez | pepito@gmail.com | April | 2 | 1994 | Spanish | Bogotá | 110141 | Colombia | Xiaomi | Redmi Note 6 Pro | Android 10 | uTest.Wilson01 | [Wilson complete form [Wilson enters 'Wilson' into complete firstname, Wilson enters 'Ramírez' into complete lastname, Wilson enters 'pepito@gmail.com' into complete email, Wilson enters 'April' into complete birthMonth, Wilson enters '2' into complete birthDay, Wilson enters '1994' into complete birthYear, Wilson enters 'Spanish' into complete languages spoken, Wilson clicks on select languages spoken, Wilson clicks on button Next: Location, Wilson enters 'Bogotá' into complete city, Wilson enters '110141' into complete zip, Wilson clicks on select1 country, Wilson enters 'Colombia' into complete country, Wilson types 'ENTER' in complete country, Wilson clicks on button Next: Next Devices, Wilson clicks on select mobile device, Wilson enters 'Xiaomi' into complete mobile device, Wilson types 'ENTER' in complete mobile device, Wilson clicks on select model, Wilson enters 'Redmi Note 6 Pro' into complete model, Wilson types 'ENTER' in complete model, Wilson clicks on select operative system, Wilson enters 'Android 10' into complete complete operative system, Wilson types 'ENTER' in complete complete operative system, Wilson clicks on button Next: Last Step, Wilson enters 'uTest.Wilson01' into complete password, Wilson enters 'uTest.Wilson01' into complete confirm password, Wilson clicks on mark uTest Terms of Use , Wilson clicks on mark privacy & security policy ]], Then he finds the button called to create user
| strUserCreated |
| Complete Setup | [Then answer]]
[Test worker] WARN net.thucydides.core.steps.BaseStepListener - TestOutcomes: [Join to Utest:Example: {strUserCreated=Complete Setup, strFName=Wilson, strLName=Ramírez, strEmail=pepito@gmail.com, strMBirth=April, strDBirth=2, strYBirth=1994, strLanguage=Spanish, strCity=Bogotá, strZip=110141, strCountry=Colombia, strMobileD=Xiaomi, strModel=Redmi Note 6 Pro, strOSystem=Android 10, strPassword=uTest.Wilson01} [Given than Wilson wants to join uTest [Wilson open up [Wilson opens the Utest page], Wilson join today [Wilson clicks on button that shows us the form to join]], When he complete the form on the uTest platform
| strFName | strLName | strEmail | strMBirth | strDBirth | strYBirth | strLanguage | strCity | strZip | strCountry | strMobileD | strModel | strOSystem | strPassword |
| Wilson | Ramírez | pepito@gmail.com | April | 2 | 1994 | Spanish | Bogotá | 110141 | Colombia | Xiaomi | Redmi Note 6 Pro | Android 10 | uTest.Wilson01 | [Wilson complete form [Wilson enters 'Wilson' into complete firstname, Wilson enters 'Ramírez' into complete lastname, Wilson enters 'pepito@gmail.com' into complete email, Wilson enters 'April' into complete birthMonth, Wilson enters '2' into complete birthDay, Wilson enters '1994' into complete birthYear, Wilson enters 'Spanish' into complete languages spoken, Wilson clicks on select languages spoken, Wilson clicks on button Next: Location, Wilson enters 'Bogotá' into complete city, Wilson enters '110141' into complete zip, Wilson clicks on select1 country, Wilson enters 'Colombia' into complete country, Wilson types 'ENTER' in complete country, Wilson clicks on button Next: Next Devices, Wilson clicks on select mobile device, Wilson enters 'Xiaomi' into complete mobile device, Wilson types 'ENTER' in complete mobile device, Wilson clicks on select model, Wilson enters 'Redmi Note 6 Pro' into complete model, Wilson types 'ENTER' in complete model, Wilson clicks on select operative system, Wilson enters 'Android 10' into complete complete operative system, Wilson types 'ENTER' in complete complete operative system, Wilson clicks on button Next: Last Step, Wilson enters 'uTest.Wilson01' into complete password, Wilson enters 'uTest.Wilson01' into complete confirm password, Wilson clicks on mark uTest Terms of Use , Wilson clicks on mark privacy & security policy ]], Then he finds the button called to create user
| strUserCreated |
| Complete Setup | [Then answer]]]
[Test worker] WARN net.thucydides.core.steps.BaseStepListener - Final testOutcomes: [Join to Utest:Example: {strUserCreated=Complete Setup, strFName=Wilson, strLName=Ramírez, strEmail=pepito@gmail.com, strMBirth=April, strDBirth=2, strYBirth=1994, strLanguage=Spanish, strCity=Bogotá, strZip=110141, strCountry=Colombia, strMobileD=Xiaomi, strModel=Redmi Note 6 Pro, strOSystem=Android 10, strPassword=uTest.Wilson01} [Given than Wilson wants to join uTest [Wilson open up [Wilson opens the Utest page], Wilson join today [Wilson clicks on button that shows us the form to join]], When he complete the form on the uTest platform
| strFName | strLName | strEmail | strMBirth | strDBirth | strYBirth | strLanguage | strCity | strZip | strCountry | strMobileD | strModel | strOSystem | strPassword |
| Wilson | Ramírez | pepito@gmail.com | April | 2 | 1994 | Spanish | Bogotá | 110141 | Colombia | Xiaomi | Redmi Note 6 Pro | Android 10 | uTest.Wilson01 | [Wilson complete form [Wilson enters 'Wilson' into complete firstname, Wilson enters 'Ramírez' into complete lastname, Wilson enters 'pepito@gmail.com' into complete email, Wilson enters 'April' into complete birthMonth, Wilson enters '2' into complete birthDay, Wilson enters '1994' into complete birthYear, Wilson enters 'Spanish' into complete languages spoken, Wilson clicks on select languages spoken, Wilson clicks on button Next: Location, Wilson enters 'Bogotá' into complete city, Wilson enters '110141' into complete zip, Wilson clicks on select1 country, Wilson enters 'Colombia' into complete country, Wilson types 'ENTER' in complete country, Wilson clicks on button Next: Next Devices, Wilson clicks on select mobile device, Wilson enters 'Xiaomi' into complete mobile device, Wilson types 'ENTER' in complete mobile device, Wilson clicks on select model, Wilson enters 'Redmi Note 6 Pro' into complete model, Wilson types 'ENTER' in complete model, Wilson clicks on select operative system, Wilson enters 'Android 10' into complete complete operative system, Wilson types 'ENTER' in complete complete operative system, Wilson clicks on button Next: Last Step, Wilson enters 'uTest.Wilson01' into complete password, Wilson enters 'uTest.Wilson01' into complete confirm password, Wilson clicks on mark uTest Terms of Use , Wilson clicks on mark privacy & security policy ]], Then he finds the button called to create user
| strUserCreated |
| Complete Setup | [Then answer]]]
[Test worker] INFO net.thucydides.core.steps.ConsoleLoggingListener - 
        __    _____ _____ ____ _____   ____   _    ____  ____  _____ ____  
  _     \ \  |_   _| ____/ ___|_   _| |  _ \ / \  / ___|/ ___|| ____|  _ \ 
 (_)_____| |   | | |  _| \___ \ | |   | |_) / _ \ \___ \\___ \|  _| | | | |
  _|_____| |   | | | |___ ___) || |   |  __/ ___ \ ___) |___) | |___| |_| |
 (_)     | |   |_| |_____|____/ |_|   |_| /_/   \_\____/|____/|_____|____/ 
        /_/                                                                

TEST PASSED: Join to Utest
----------------------------------------------------------------------------
]]></system-err>
</testsuite>
